<?xml version="1.0" encoding="UTF-8" ?>
<testsuite errors="0" failures="3" name="empty" tests="3"></testsuite>